1647687765381	geckodriver	INFO	Listening on 127.0.0.1:57100
1647687768449	mozrunner::runner	INFO	Running command: "C:\\Program Files\\Mozilla Firefox\\firefox.exe" "--marionette" "--remote-debugging-port" "57101" "-no-remote" "-profile" "C:\\Users\\thais\\AppData\\Local\\Temp\\rust_mozprofilekyxZCg"
1647687769150	Marionette	INFO	Marionette enabled
console.warn: SearchSettings: "get: No settings file exists, new profile?" (new NotFoundError("Could not open the file at C:\\Users\\thais\\AppData\\Local\\Temp\\rust_mozprofilekyxZCg\\search.json.mozlz4", (void 0)))
DevTools listening on ws://localhost:57101/devtools/browser/3ff63f14-fa49-404d-b5df-66946c680eb7
1647687773899	Marionette	INFO	Listening on port 57106
1647687774007	RemoteAgent	WARN	TLS certificate errors will be ignored for this session
JavaScript error: https://web.whatsapp.com/serviceworker.js, line 1: TypeError: Cache.put: Cache got basic response with bad status 206 while trying to add request https://web.whatsapp.com/sequential-ptt-middle_7fa161964e93db72b8d00ae22189d75f.mp3
JavaScript error: https://web.whatsapp.com/serviceworker.js, line 1: TypeError: Cache.put: Cache got basic response with bad status 206 while trying to add request https://web.whatsapp.com/sequential-ptt-end_62ed28be622237546fd39f9468a76a49.mp3
JavaScript error: https://web.whatsapp.com/serviceworker.js, line 1: TypeError: Cache.put: Cache got basic response with bad status 206 while trying to add request https://web.whatsapp.com/notification_2a485d84012c106acef03b527bb54635.mp3
JavaScript error: resource://gre/modules/AsyncShutdown.jsm, line 575: NotFoundError: No such JSWindowActor 'DevToolsFrame'
1647688095252	Marionette	INFO	Stopped listening on port 57106
console.warn: TopSitesFeed: Failed to fetch data from Contile server: NetworkError when attempting to fetch resource.
1647688153781	geckodriver	INFO	Listening on 127.0.0.1:57275
1647688156908	mozrunner::runner	INFO	Running command: "C:\\Program Files\\Mozilla Firefox\\firefox.exe" "--marionette" "--remote-debugging-port" "57276" "-no-remote" "-profile" "C:\\Users\\thais\\AppData\\Local\\Temp\\rust_mozprofileFXWMjO"
1647688157567	Marionette	INFO	Marionette enabled
console.warn: SearchSettings: "get: No settings file exists, new profile?" (new NotFoundError("Could not open the file at C:\\Users\\thais\\AppData\\Local\\Temp\\rust_mozprofileFXWMjO\\search.json.mozlz4", (void 0)))
DevTools listening on ws://localhost:57276/devtools/browser/7f4c5771-b381-46af-8708-8457522563de
1647688161498	Marionette	INFO	Listening on port 57281
1647688161743	RemoteAgent	WARN	TLS certificate errors will be ignored for this session
JavaScript error: https://web.whatsapp.com/serviceworker.js, line 1: TypeError: Cache.put: Cache got basic response with bad status 206 while trying to add request https://web.whatsapp.com/sequential-ptt-middle_7fa161964e93db72b8d00ae22189d75f.mp3
JavaScript error: https://web.whatsapp.com/serviceworker.js, line 1: TypeError: Cache.put: Cache got basic response with bad status 206 while trying to add request https://web.whatsapp.com/sequential-ptt-end_62ed28be622237546fd39f9468a76a49.mp3
JavaScript error: https://web.whatsapp.com/serviceworker.js, line 1: TypeError: Cache.put: Cache got basic response with bad status 206 while trying to add request https://web.whatsapp.com/notification_2a485d84012c106acef03b527bb54635.mp3
1647688901233	Marionette	INFO	Stopped listening on port 57281
console.warn: TopSitesFeed: Failed to fetch data from Contile server: NetworkError when attempting to fetch resource.
remote-debugging-port" "57412" "-no-remote" "-profile" "C:\\Users\\thais\\AppData\\Local\\Temp\\rust_mozprofileh9AqUu"
1647688791897	Marionette	INFO	Marionette enabled
console.warn: SearchSettings: "get: No settings file exists, new profile?" (new NotFoundError("Could not open the file at C:\\Users\\thais\\AppData\\Local\\Temp\\rust_mozprofileh9AqUu\\search.json.mozlz4", (void 0)))
DevTools listening on ws://localhost:57412/devtools/browser/a11ea44d-d129-4ccc-a57c-563d6bfef0c6
1647688796606	Marionette	INFO	Listening on port 57417
1647688797100	RemoteAgent	WARN	TLS certificate errors will be ignored for this session
JavaScript error: https://web.whatsapp.com/serviceworker.js, line 1: TypeError: Cache.put: Cache got basic response with bad status 206 while trying to add request https://web.whatsapp.com/sequential-ptt-middle_7fa161964e93db72b8d00ae22189d75f.mp3
JavaScript error: https://web.whatsapp.com/serviceworker.js, line 1: TypeError: Cache.put: Cache got basic response with bad status 206 while trying to add request https://web.whatsapp.com/sequential-ptt-end_62ed28be622237546fd39f9468a76a49.mp3
JavaScript error: https://web.whatsapp.com/serviceworker.js, line 1: TypeError: Cache.put: Cache got basic response with bad status 206 while trying to add request https://web.whatsapp.com/notification_2a485d84012c106acef03b527bb54635.mp3
1647688896369	Marionette	INFO	Stopped listening on port 57417
console.warn: TopSitesFeed: Failed to fetch data from Contile server: NetworkError when attempting to fetch resource.

###!!! [Parent][PContentParent] Error: Send(msgname=PContent::Msg_DestroyBrowsingContextGroup) Closed channel: cannot send/recv

JavaScript error: resource://gre/modules/Sqlite.jsm, line 1105: Error: Sqlite.jsm has been shutdown. Cannot open connection to: C:\Users\thais\AppData\Local\Temp\rust_mozprofileh9AqUu\protections.sqlite

###!!! [Child][PContentChild] Error: Send(msgname=PBrowser::Msg___delete__) Channel closing: too late to send/recv, messages will be lost

1647689098709	geckodriver	INFO	Listening on 127.0.0.1:55055
1647689101815	mozrunner::runner	INFO	Running command: "C:\\Program Files\\Mozilla Firefox\\firefox.exe" "--marionette" "--remote-debugging-port" "55056" "-no-remote" "-profile" "C:\\Users\\thais\\AppData\\Local\\Temp\\rust_mozprofilelevZKH"
1647689102488	Marionette	INFO	Marionette enabled
console.warn: SearchSettings: "get: No settings file exists, new profile?" (new NotFoundError("Could not open the file at C:\\Users\\thais\\AppData\\Local\\Temp\\rust_mozprofilelevZKH\\search.json.mozlz4", (void 0)))
DevTools listening on ws://localhost:55056/devtools/browser/39a69bb7-4260-45e2-80d5-f3b6b26e6799
1647689106805	Marionette	INFO	Listening on port 55061
1647689107167	RemoteAgent	WARN	TLS certificate errors will be ignored for this session
JavaScript error: https://web.whatsapp.com/serviceworker.js, line 1: TypeError: Cache.put: Cache got basic response with bad status 206 while trying to add request https://web.whatsapp.com/sequential-ptt-middle_7fa161964e93db72b8d00ae22189d75f.mp3
JavaScript error: https://web.whatsapp.com/serviceworker.js, line 1: TypeError: Cache.put: Cache got basic response with bad status 206 while trying to add request https://web.whatsapp.com/sequential-ptt-end_62ed28be622237546fd39f9468a76a49.mp3
JavaScript error: https://web.whatsapp.com/serviceworker.js, line 1: TypeError: Cache.put: Cache got basic response with bad status 206 while trying to add request https://web.whatsapp.com/notification_2a485d84012c106acef03b527bb54635.mp3
1647689124183	Marionette	INFO	Stopped listening on port 55061
1647689433857	geckodriver	INFO	Listening on 127.0.0.1:55122
1647689436925	mozrunner::runner	INFO	Running command: "C:\\Program Files\\Mozilla Firefox\\firefox.exe" "--marionette" "--remote-debugging-port" "55123" "-no-remote" "-profile" "C:\\Users\\thais\\AppData\\Local\\Temp\\rust_mozprofilew5qVEq"
1647689437480	Marionette	INFO	Marionette enabled
console.warn: SearchSettings: "get: No settings file exists, new profile?" (new NotFoundError("Could not open the file at C:\\Users\\thais\\AppData\\Local\\Temp\\rust_mozprofilew5qVEq\\search.json.mozlz4", (void 0)))
DevTools listening on ws://localhost:55123/devtools/browser/6d2e54fa-7eb7-4278-852e-cf2fbd8a83bb
1647689441488	Marionette	INFO	Listening on port 55129
1647689441775	RemoteAgent	WARN	TLS certificate errors will be ignored for this session
JavaScript error: https://web.whatsapp.com/serviceworker.js, line 1: TypeError: Cache.put: Cache got basic response with bad status 206 while trying to add request https://web.whatsapp.com/sequential-ptt-middle_7fa161964e93db72b8d00ae22189d75f.mp3
JavaScript error: https://web.whatsapp.com/serviceworker.js, line 1: TypeError: Cache.put: Cache got basic response with bad status 206 while trying to add request https://web.whatsapp.com/sequential-ptt-end_62ed28be622237546fd39f9468a76a49.mp3
JavaScript error: https://web.whatsapp.com/serviceworker.js, line 1: TypeError: Cache.put: Cache got basic response with bad status 206 while trying to add request https://web.whatsapp.com/notification_2a485d84012c106acef03b527bb54635.mp3
1647689506813	Marionette	INFO	Stopped listening on port 55129
JavaScript error: resource://gre/modules/Sqlite.jsm, line 1105: Error: Sqlite.jsm has been shutdown. Cannot open connection to: C:\Users\thais\AppData\Local\Temp\rust_mozprofilew5qVEq\protections.sqlite
1647689604067	geckodriver	INFO	Listening on 127.0.0.1:55189
1647689607139	mozrunner::runner	INFO	Running command: "C:\\Program Files\\Mozilla Firefox\\firefox.exe" "--marionette" "--remote-debugging-port" "55190" "-no-remote" "-profile" "C:\\Users\\thais\\AppData\\Local\\Temp\\rust_mozprofileSwOZKC"
1647689607750	Marionette	INFO	Marionette enabled
console.warn: SearchSettings: "get: No settings file exists, new profile?" (new NotFoundError("Could not open the file at C:\\Users\\thais\\AppData\\Local\\Temp\\rust_mozprofileSwOZKC\\search.json.mozlz4", (void 0)))
DevTools listening on ws://localhost:55190/devtools/browser/1a0f5fa9-2c32-4952-a97e-d69badee626c
1647689611790	Marionette	INFO	Listening on port 55195
1647689611973	RemoteAgent	WARN	TLS certificate errors will be ignored for this session
JavaScript error: https://web.whatsapp.com/serviceworker.js, line 1: TypeError: Cache.put: Cache got basic response with bad status 206 while trying to add request https://web.whatsapp.com/sequential-ptt-middle_7fa161964e93db72b8d00ae22189d75f.mp3
JavaScript error: https://web.whatsapp.com/serviceworker.js, line 1: TypeError: Cache.put: Cache got basic response with bad status 206 while trying to add request https://web.whatsapp.com/sequential-ptt-end_62ed28be622237546fd39f9468a76a49.mp3
JavaScript error: https://web.whatsapp.com/serviceworker.js, line 1: TypeError: Cache.put: Cache got basic response with bad status 206 while trying to add request https://web.whatsapp.com/notification_2a485d84012c106acef03b527bb54635.mp3
1647689633652	Marionette	INFO	Stopped listening on port 55195

###!!! [Parent][PContentParent] Error: Send(msgname=PContent::Msg_DestroyBrowsingContextGroup) Closed channel: cannot send/recv

JavaScript error: resource://gre/modules/Sqlite.jsm, line 1105: Error: Sqlite.jsm has been shutdown. Cannot open connection to: C:\Users\thais\AppData\Local\Temp\rust_mozprofileSwOZKC\protections.sqlite

###!!! [Child][PContentChild] Error: Send(msgname=PNecko::Msg_RemoveRequestContext) Channel closing: too late to send/recv, messages will be lost


###!!! [Child][PContentChild] Error: Send(msgname=PBrowser::Msg___delete__) Channel closing: too late to send/recv, messages will be lost


###!!! [Child][PContentChild] Error: Send(msgname=PContent::Msg_ScriptError) Channel closing: too late to send/recv, messages will be lost


###!!! [Child][PContentChild] Error: Send(msgname=PWebSocket::Msg_DeleteSelf) Channel closing: too late to send/recv, messages will be lost

1647690273123	geckodriver	INFO	Listening on 127.0.0.1:55260
1647690276206	mozrunner::runner	INFO	Running command: "C:\\Program Files\\Mozilla Firefox\\firefox.exe" "--marionette" "--remote-debugging-port" "55261" "-no-remote" "-profile" "C:\\Users\\thais\\AppData\\Local\\Temp\\rust_mozprofileRwmDBM"
1647690276784	Marionette	INFO	Marionette enabled
console.warn: SearchSettings: "get: No settings file exists, new profile?" (new NotFoundError("Could not open the file at C:\\Users\\thais\\AppData\\Local\\Temp\\rust_mozprofileRwmDBM\\search.json.mozlz4", (void 0)))
DevTools listening on ws://localhost:55261/devtools/browser/bac3db30-caef-4331-9154-c9906911a54c
1647690280750	Marionette	INFO	Listening on port 55266
1647690281319	RemoteAgent	WARN	TLS certificate errors will be ignored for this session
JavaScript error: https://web.whatsapp.com/serviceworker.js, line 1: TypeError: Cache.put: Cache got basic response with bad status 206 while trying to add request https://web.whatsapp.com/sequential-ptt-middle_7fa161964e93db72b8d00ae22189d75f.mp3
JavaScript error: https://web.whatsapp.com/serviceworker.js, line 1: TypeError: Cache.put: Cache got basic response with bad status 206 while trying to add request https://web.whatsapp.com/sequential-ptt-end_62ed28be622237546fd39f9468a76a49.mp3
JavaScript error: https://web.whatsapp.com/serviceworker.js, line 1: TypeError: Cache.put: Cache got basic response with bad status 206 while trying to add request https://web.whatsapp.com/notification_2a485d84012c106acef03b527bb54635.mp3
1647690300395	Marionette	INFO	Stopped listening on port 55266

###!!! [Parent][PContentParent] Error: Send(msgname=PContent::Msg_DestroyBrowsingContextGroup) Closed channel: cannot send/recv

JavaScript error: resource://gre/modules/Sqlite.jsm, line 1105: Error: Sqlite.jsm has been shutdown. Cannot open connection to: C:\Users\thais\AppData\Local\Temp\rust_mozprofileRwmDBM\protections.sqlite
1647690506406	geckodriver	INFO	Listening on 127.0.0.1:55319
1647690509467	mozrunner::runner	INFO	Running command: "C:\\Program Files\\Mozilla Firefox\\firefox.exe" "--marionette" "--remote-debugging-port" "55320" "-no-remote" "-profile" "C:\\Users\\thais\\AppData\\Local\\Temp\\rust_mozprofileQrP8GP"
1647690510036	Marionette	INFO	Marionette enabled
console.warn: SearchSettings: "get: No settings file exists, new profile?" (new NotFoundError("Could not open the file at C:\\Users\\thais\\AppData\\Local\\Temp\\rust_mozprofileQrP8GP\\search.json.mozlz4", (void 0)))
DevTools listening on ws://localhost:55320/devtools/browser/8dddf5ff-b369-4d93-82d5-67a74d230eee
1647690514069	Marionette	INFO	Listening on port 55325
1647690514329	RemoteAgent	WARN	TLS certificate errors will be ignored for this session
JavaScript error: https://web.whatsapp.com/serviceworker.js, line 1: TypeError: Cache.put: Cache got basic response with bad status 206 while trying to add request https://web.whatsapp.com/sequential-ptt-middle_7fa161964e93db72b8d00ae22189d75f.mp3
JavaScript error: https://web.whatsapp.com/serviceworker.js, line 1: TypeError: Cache.put: Cache got basic response with bad status 206 while trying to add request https://web.whatsapp.com/sequential-ptt-end_62ed28be622237546fd39f9468a76a49.mp3
JavaScript error: https://web.whatsapp.com/serviceworker.js, line 1: TypeError: Cache.put: Cache got basic response with bad status 206 while trying to add request https://web.whatsapp.com/notification_2a485d84012c106acef03b527bb54635.mp3
1647690531531	Marionette	INFO	Stopped listening on port 55325

###!!! [Child][PContentChild] Error: Send(msgname=PBrowser::Msg___delete__) Channel closing: too late to send/recv, messages will be lost


###!!! [Child][PContentChild] Error: Send(msgname=PContent::Msg_ScriptError) Channel closing: too late to send/recv, messages will be lost


###!!! [Child][PContentChild] Error: Send(msgname=PWebSocket::Msg_DeleteSelf) Channel closing: too late to send/recv, messages will be lost


###!!! [Parent][PContentParent] Error: Send(msgname=PContent::Msg_DestroyBrowsingContextGroup) Closed channel: cannot send/recv

JavaScript error: resource://gre/modules/Sqlite.jsm, line 1105: Error: Sqlite.jsm has been shutdown. Cannot open connection to: C:\Users\thais\AppData\Local\Temp\rust_mozprofileQrP8GP\protections.sqlite
1647786391783	geckodriver	INFO	Listening on 127.0.0.1:60160
1647786394914	mozrunner::runner	INFO	Running command: "C:\\Program Files\\Mozilla Firefox\\firefox.exe" "--marionette" "--remote-debugging-port" "60161" "-no-remote" "-profile" "C:\\Users\\thais\\AppData\\Local\\Temp\\rust_mozprofileHp0alX"
1647786396186	Marionette	INFO	Marionette enabled
console.warn: SearchSettings: "get: No settings file exists, new profile?" (new NotFoundError("Could not open the file at C:\\Users\\thais\\AppData\\Local\\Temp\\rust_mozprofileHp0alX\\search.json.mozlz4", (void 0)))
DevTools listening on ws://localhost:60161/devtools/browser/f396b483-6b89-450d-a34d-8e7a6eb294de
1647786400869	Marionette	INFO	Listening on port 60168
1647786401642	RemoteAgent	WARN	TLS certificate errors will be ignored for this session
1647786403697	Marionette	INFO	Stopped listening on port 60168
1647786469743	geckodriver	INFO	Listening on 127.0.0.1:59138
1647786472863	mozrunner::runner	INFO	Running command: "C:\\Program Files\\Mozilla Firefox\\firefox.exe" "--marionette" "--remote-debugging-port" "59139" "-no-remote" "-profile" "C:\\Users\\thais\\AppData\\Local\\Temp\\rust_mozprofileNaqlc8"
1647786473577	Marionette	INFO	Marionette enabled
console.warn: SearchSettings: "get: No settings file exists, new profile?" (new NotFoundError("Could not open the file at C:\\Users\\thais\\AppData\\Local\\Temp\\rust_mozprofileNaqlc8\\search.json.mozlz4", (void 0)))
DevTools listening on ws://localhost:59139/devtools/browser/700616e6-3c0f-4b7e-9c25-3a07a2f3623f
1647786477755	Marionette	INFO	Listening on port 59145
1647786477957	RemoteAgent	WARN	TLS certificate errors will be ignored for this session
1647786480000	Marionette	INFO	Stopped listening on port 59145

###!!! [Parent][PContentParent] Error: Send(msgname=PContent::Msg_DestroyBrowsingContextGroup) Closed channel: cannot send/recv


###!!! [Child][PContentChild] Error: RunMessage(msgname=PContent::Reply_DiscardBrowsingContext) Channel closing: too late to send/recv, messages will be lost

